<?xml version='1.0' encoding='UTF-8'?>
<testsuite hostname="Andriis-MacBook-Pro-3.local" name="ua.bigdata.spark.HotelsStayCountHDFSTest" tests="0" errors="0" failures="0" skipped="0" time="0.0" timestamp="2021-08-14T02:38:57">
          <properties>
      <property name="awt.toolkit" value="sun.lwawt.macosx.LWCToolkit"/><property name="java.specification.version" value="10"/><property name="sun.cpu.isalist" value=""/><property name="sun.jnu.encoding" value="UTF-8"/><property name="sun.arch.data.model" value="64"/><property name="java.vendor.url" value="http://java.oracle.com/"/><property name="sun.boot.library.path" value="/Library/Java/JavaVirtualMachines/jdk-10.0.2.jdk/Contents/Home/lib"/><property name="sun.java.command" value="/usr/local/Cellar/sbt/1.5.4/libexec/bin/sbt-launch.jar assembly"/><property name="jdk.debug" value="release"/><property name="java.specification.vendor" value="Oracle Corporation"/><property name="java.version.date" value="2018-07-17"/><property name="java.home" value="/Library/Java/JavaVirtualMachines/jdk-10.0.2.jdk/Contents/Home"/><property name="file.separator" value="/"/><property name="java.vm.compressedOopsMode" value="Zero based"/><property name="line.separator" value="
"/><property name="java.specification.name" value="Java Platform API Specification"/><property name="java.vm.specification.vendor" value="Oracle Corporation"/><property name="sun.management.compiler" value="HotSpot 64-Bit Tiered Compilers"/><property name="java.runtime.version" value="10.0.2+13"/><property name="user.name" value="Andrii_Shutov"/><property name="log4j.ignoreTCL" value="true"/><property name="file.encoding" value="UTF-8"/><property name="jnidispatch.path" value="/Users/andrii/Library/Caches/JNA/temp/jna11349160135221316073.tmp"/><property name="java.vendor.version" value="18.3"/><property name="jna.loaded" value="true"/><property name="java.io.tmpdir" value="/var/folders/pf/8l21fhsx0zj2rndf9bygd5yc0000gn/T/"/><property name="java.version" value="10.0.2"/><property name="java.vm.specification.name" value="Java Virtual Machine Specification"/><property name="java.awt.printerjob" value="sun.lwawt.macosx.CPrinterJob"/><property name="sun.os.patch.level" value="unknown"/><property name="java.library.path" value="/Users/andrii/Library/Java/Extensions:/Library/Java/Extensions:/Network/Library/Java/Extensions:/System/Library/Java/Extensions:/usr/lib/java:."/><property name="java.vendor" value="Oracle Corporation"/><property name="scala.ext.dirs" value="/Users/andrii/.sbt/1.0/java9-rt-ext-oracle_corporation_10_0_2"/><property name="sun.io.unicode.encoding" value="UnicodeBig"/><property name="socksNonProxyHosts" value="local|*.local|169.254/16|*.169.254/16"/><property name="gopherProxySet" value="false"/><property name="file.encoding.pkg" value="sun.io"/><property name="java.class.path" value="/usr/local/Cellar/sbt/1.5.4/libexec/bin/sbt-launch.jar"/><property name="java.vm.vendor" value="&quot;Oracle Corporation&quot;"/><property name="jline.shutdownhook" value="false"/><property name="user.timezone" value="Europe/Kiev"/><property name="os.name" value="Mac OS X"/><property name="java.vm.specification.version" value="10"/><property name="sun.java.launcher" value="SUN_STANDARD"/><property name="user.country" value="US"/><property name="http.nonProxyHosts" value="local|*.local|169.254/16|*.169.254/16"/><property name="sun.cpu.endian" value="little"/><property name="user.home" value="/Users/andrii"/><property name="user.language" value="en"/><property name="swoval.tmpdir" value="/Users/andrii/.sbt/1.0"/><property name="java.awt.graphicsenv" value="sun.awt.CGraphicsEnvironment"/><property name="jline.esc.timeout" value="0"/><property name="ftp.nonProxyHosts" value="local|*.local|169.254/16|*.169.254/16"/><property name="path.separator" value=":"/><property name="os.version" value="10.16"/><property name="jna.nosys" value="true"/><property name="java.runtime.name" value="Java(TM) SE Runtime Environment"/><property name="java.vm.name" value="Java HotSpot(TM) 64-Bit Server VM"/><property name="jna.platform.library.path" value="/usr/lib:/usr/lib"/><property name="java.vendor.url.bug" value="http://bugreport.java.com/bugreport/"/><property name="user.dir" value="/Users/andrii/Git/bigdata_samples/Spark/app"/><property name="os.arch" value="x86_64"/><property name="java.vm.info" value="mixed mode"/><property name="java.vm.version" value="10.0.2+13"/><property name="java.class.version" value="54.0"/>
    </properties>
          
          <system-out><![CDATA[]]></system-out>
          <system-err><![CDATA[]]></system-err>
        </testsuite>